<?xml version="1.0" encoding="UTF-8"?>
<!-- Generated by org.testng.reporters.JUnitXMLReporter -->
<testsuite hostname="puhui" name="Command line test" tests="1" failures="1" timestamp="29 Mar 2016 08:15:03 GMT" time="0.336" errors="0">
  <testcase name="Method" time="0.321" classname="pu.hui.httpTest.HttpClientTest">
    <failure type="org.apache.http.client.ClientProtocolException">
      <![CDATA[org.apache.http.client.ClientProtocolException
	at org.apache.http.impl.client.InternalHttpClient.doExecute(InternalHttpClient.java:186)
	at org.apache.http.impl.client.CloseableHttpClient.execute(CloseableHttpClient.java:82)
	at org.apache.http.impl.client.CloseableHttpClient.execute(CloseableHttpClient.java:107)
	at pu.hui.httpTest.HttpClientTest.Method(HttpClientTest.java:23)
Caused by: org.apache.http.ProtocolException: Target host is not specified
	at org.apache.http.impl.conn.DefaultRoutePlanner.determineRoute(DefaultRoutePlanner.java:70)
	at org.apache.http.impl.client.InternalHttpClient.determineRoute(InternalHttpClient.java:124)
	at org.apache.http.impl.client.InternalHttpClient.doExecute(InternalHttpClient.java:183)
	... 36 more
... Removed 33 stack frames]]>
    </failure>
  </testcase> <!-- Method -->
</testsuite> <!-- Command line test -->
